[0.138s] DEBUG:colcon:Command line arguments: ['/usr/bin/colcon', 'build']
[0.138s] DEBUG:colcon:Parsed command line arguments: Namespace(ament_cmake_args=None, base_paths=['.'], build_base='build', catkin_cmake_args=None, catkin_skip_building_tests=False, cmake_args=None, cmake_clean_cache=False, cmake_clean_first=False, cmake_force_configure=False, cmake_target=None, cmake_target_skip_unavailable=False, continue_on_error=False, event_handlers=None, executor='parallel', ignore_user_meta=False, install_base='install', log_base=None, log_level=None, main=<bound method BuildVerb.main of <colcon_core.verb.build.BuildVerb object at 0x7f8f11140880>>, merge_install=False, metas=['./colcon.meta'], packages_above=None, packages_above_and_dependencies=None, packages_above_depth=None, packages_end=None, packages_ignore=None, packages_ignore_regex=None, packages_select=None, packages_select_build_failed=False, packages_select_by_dep=None, packages_select_regex=None, packages_select_test_failures=False, packages_skip=None, packages_skip_build_finished=False, packages_skip_by_dep=None, packages_skip_regex=None, packages_skip_test_passed=False, packages_skip_up_to=None, packages_start=None, packages_up_to=None, packages_up_to_regex=None, parallel_workers=4, paths=None, symlink_install=False, test_result_base=None, verb_extension=<colcon_core.verb.build.BuildVerb object at 0x7f8f11140880>, verb_name='build', verb_parser=<colcon_defaults.argument_parser.defaults.DefaultArgumentsDecorator object at 0x7f8f11140df0>)
[0.143s] Level 1:colcon.colcon_core.package_discovery:discover_packages(colcon_meta) check parameters
[0.143s] Level 1:colcon.colcon_core.package_discovery:discover_packages(recursive) check parameters
[0.143s] Level 1:colcon.colcon_core.package_discovery:discover_packages(ignore) check parameters
[0.143s] Level 1:colcon.colcon_core.package_discovery:discover_packages(path) check parameters
[0.143s] Level 1:colcon.colcon_core.package_discovery:discover_packages(colcon_meta) discover
[0.143s] Level 1:colcon.colcon_core.package_discovery:discover_packages(recursive) discover
[0.143s] INFO:colcon.colcon_core.package_discovery:Crawling recursively for packages in '/home/nuc2/reachy_ws/src/reachy_focus'
[0.143s] Level 1:colcon.colcon_core.package_identification:_identify(.) by extensions ['ignore', 'ignore_ament_install']
[0.143s] Level 1:colcon.colcon_core.package_identification:_identify(.) by extension 'ignore'
[0.143s] Level 1:colcon.colcon_core.package_identification:_identify(.) by extension 'ignore_ament_install'
[0.143s] Level 1:colcon.colcon_core.package_identification:_identify(.) by extensions ['colcon_pkg']
[0.143s] Level 1:colcon.colcon_core.package_identification:_identify(.) by extension 'colcon_pkg'
[0.143s] Level 1:colcon.colcon_core.package_identification:_identify(.) by extensions ['colcon_meta']
[0.143s] Level 1:colcon.colcon_core.package_identification:_identify(.) by extension 'colcon_meta'
[0.143s] Level 1:colcon.colcon_core.package_identification:_identify(.) by extensions ['ros']
[0.143s] Level 1:colcon.colcon_core.package_identification:_identify(.) by extension 'ros'
[0.155s] DEBUG:colcon.colcon_core.package_identification:Package '.' with type 'ros.ament_python' and name 'reachy_focus'
[0.155s] Level 1:colcon.colcon_core.package_discovery:discover_packages(recursive) using defaults
[0.155s] Level 1:colcon.colcon_core.package_discovery:discover_packages(ignore) discover
[0.155s] Level 1:colcon.colcon_core.package_discovery:discover_packages(ignore) using defaults
[0.155s] Level 1:colcon.colcon_core.package_discovery:discover_packages(path) discover
[0.155s] Level 1:colcon.colcon_core.package_discovery:discover_packages(path) using defaults
[0.173s] Level 5:colcon.colcon_core.verb:set package 'reachy_focus' build argument 'cmake_args' from command line to 'None'
[0.173s] Level 5:colcon.colcon_core.verb:set package 'reachy_focus' build argument 'cmake_target' from command line to 'None'
[0.173s] Level 5:colcon.colcon_core.verb:set package 'reachy_focus' build argument 'cmake_target_skip_unavailable' from command line to 'False'
[0.173s] Level 5:colcon.colcon_core.verb:set package 'reachy_focus' build argument 'cmake_clean_cache' from command line to 'False'
[0.173s] Level 5:colcon.colcon_core.verb:set package 'reachy_focus' build argument 'cmake_clean_first' from command line to 'False'
[0.173s] Level 5:colcon.colcon_core.verb:set package 'reachy_focus' build argument 'cmake_force_configure' from command line to 'False'
[0.173s] Level 5:colcon.colcon_core.verb:set package 'reachy_focus' build argument 'ament_cmake_args' from command line to 'None'
[0.173s] Level 5:colcon.colcon_core.verb:set package 'reachy_focus' build argument 'catkin_cmake_args' from command line to 'None'
[0.173s] Level 5:colcon.colcon_core.verb:set package 'reachy_focus' build argument 'catkin_skip_building_tests' from command line to 'False'
[0.173s] DEBUG:colcon.colcon_core.verb:Building package 'reachy_focus' with the following arguments: {'ament_cmake_args': None, 'build_base': '/home/nuc2/reachy_ws/src/reachy_focus/build/reachy_focus', 'catkin_cmake_args': None, 'catkin_skip_building_tests': False, 'cmake_args': None, 'cmake_clean_cache': False, 'cmake_clean_first': False, 'cmake_force_configure': False, 'cmake_target': None, 'cmake_target_skip_unavailable': False, 'install_base': '/home/nuc2/reachy_ws/src/reachy_focus/install/reachy_focus', 'merge_install': False, 'path': '/home/nuc2/reachy_ws/src/reachy_focus', 'symlink_install': False, 'test_result_base': None}
[0.173s] INFO:colcon.colcon_core.executor:Executing jobs using 'parallel' executor
[0.175s] DEBUG:colcon.colcon_parallel_executor.executor.parallel:run_until_complete
[0.175s] INFO:colcon.colcon_ros.task.ament_python.build:Building ROS package in '/home/nuc2/reachy_ws/src/reachy_focus' with build type 'ament_python'
[0.175s] Level 1:colcon.colcon_core.shell:create_environment_hook('reachy_focus', 'ament_prefix_path')
[0.179s] INFO:colcon.colcon_core.plugin_system:Skipping extension 'colcon_core.shell.bat': Not used on non-Windows systems
[0.179s] INFO:colcon.colcon_core.shell:Creating environment hook '/home/nuc2/reachy_ws/src/reachy_focus/install/reachy_focus/share/reachy_focus/hook/ament_prefix_path.ps1'
[0.180s] INFO:colcon.colcon_core.shell:Creating environment descriptor '/home/nuc2/reachy_ws/src/reachy_focus/install/reachy_focus/share/reachy_focus/hook/ament_prefix_path.dsv'
[0.180s] INFO:colcon.colcon_core.shell:Creating environment hook '/home/nuc2/reachy_ws/src/reachy_focus/install/reachy_focus/share/reachy_focus/hook/ament_prefix_path.sh'
[0.181s] INFO:colcon.colcon_core.shell:Skip shell extension 'powershell' for command environment: Not usable outside of PowerShell
[0.181s] DEBUG:colcon.colcon_core.shell:Skip shell extension 'dsv' for command environment
[0.185s] DEBUG:colcon.colcon_core.shell:Ignoring prefix path '/opt/ros/foxy'
[0.424s] INFO:colcon.colcon_core.task.python.build:Building Python package in '/home/nuc2/reachy_ws/src/reachy_focus'
[0.425s] INFO:colcon.colcon_core.shell:Skip shell extension 'powershell' for command environment: Not usable outside of PowerShell
[0.425s] DEBUG:colcon.colcon_core.shell:Skip shell extension 'dsv' for command environment
[0.431s] DEBUG:colcon.colcon_core.shell:Ignoring prefix path '/opt/ros/foxy'
[0.441s] DEBUG:colcon.colcon_core.event_handler.log_command:Invoking command in '/home/nuc2/reachy_ws/src/reachy_focus': PYTHONPATH=/home/nuc2/reachy_ws/src/reachy_focus/install/reachy_focus/lib/python3.8/site-packages:${PYTHONPATH} /usr/bin/python3 setup.py egg_info --egg-base build/reachy_focus build --build-base /home/nuc2/reachy_ws/src/reachy_focus/build/reachy_focus/build install --prefix /home/nuc2/reachy_ws/src/reachy_focus/install/reachy_focus --record /home/nuc2/reachy_ws/src/reachy_focus/build/reachy_focus/install.log --single-version-externally-managed
[0.732s] DEBUG:colcon.colcon_core.event_handler.log_command:Invoked command in '/home/nuc2/reachy_ws/src/reachy_focus' returned '0': PYTHONPATH=/home/nuc2/reachy_ws/src/reachy_focus/install/reachy_focus/lib/python3.8/site-packages:${PYTHONPATH} /usr/bin/python3 setup.py egg_info --egg-base build/reachy_focus build --build-base /home/nuc2/reachy_ws/src/reachy_focus/build/reachy_focus/build install --prefix /home/nuc2/reachy_ws/src/reachy_focus/install/reachy_focus --record /home/nuc2/reachy_ws/src/reachy_focus/build/reachy_focus/install.log --single-version-externally-managed
[0.736s] Level 1:colcon.colcon_core.environment:checking '/home/nuc2/reachy_ws/src/reachy_focus/install/reachy_focus' for CMake module files
[0.737s] Level 1:colcon.colcon_core.environment:checking '/home/nuc2/reachy_ws/src/reachy_focus/install/reachy_focus' for CMake config files
[0.739s] Level 1:colcon.colcon_core.environment:checking '/home/nuc2/reachy_ws/src/reachy_focus/install/reachy_focus/lib'
[0.739s] Level 1:colcon.colcon_core.environment:checking '/home/nuc2/reachy_ws/src/reachy_focus/install/reachy_focus/bin'
[0.739s] Level 1:colcon.colcon_core.environment:checking '/home/nuc2/reachy_ws/src/reachy_focus/install/reachy_focus/lib/pkgconfig/reachy_focus.pc'
[0.739s] Level 1:colcon.colcon_core.environment:checking '/home/nuc2/reachy_ws/src/reachy_focus/install/reachy_focus/lib/python3.8/site-packages'
[0.739s] Level 1:colcon.colcon_core.shell:create_environment_hook('reachy_focus', 'pythonpath')
[0.740s] INFO:colcon.colcon_core.shell:Creating environment hook '/home/nuc2/reachy_ws/src/reachy_focus/install/reachy_focus/share/reachy_focus/hook/pythonpath.ps1'
[0.741s] INFO:colcon.colcon_core.shell:Creating environment descriptor '/home/nuc2/reachy_ws/src/reachy_focus/install/reachy_focus/share/reachy_focus/hook/pythonpath.dsv'
[0.741s] INFO:colcon.colcon_core.shell:Creating environment hook '/home/nuc2/reachy_ws/src/reachy_focus/install/reachy_focus/share/reachy_focus/hook/pythonpath.sh'
[0.742s] Level 1:colcon.colcon_core.environment:create_environment_scripts_only(reachy_focus)
[0.743s] INFO:colcon.colcon_core.shell:Creating package script '/home/nuc2/reachy_ws/src/reachy_focus/install/reachy_focus/share/reachy_focus/package.ps1'
[0.744s] INFO:colcon.colcon_core.shell:Creating package descriptor '/home/nuc2/reachy_ws/src/reachy_focus/install/reachy_focus/share/reachy_focus/package.dsv'
[0.744s] INFO:colcon.colcon_core.shell:Creating package script '/home/nuc2/reachy_ws/src/reachy_focus/install/reachy_focus/share/reachy_focus/package.sh'
[0.745s] INFO:colcon.colcon_core.shell:Creating package script '/home/nuc2/reachy_ws/src/reachy_focus/install/reachy_focus/share/reachy_focus/package.bash'
[0.746s] INFO:colcon.colcon_core.shell:Creating package script '/home/nuc2/reachy_ws/src/reachy_focus/install/reachy_focus/share/reachy_focus/package.zsh'
[0.747s] Level 1:colcon.colcon_core.environment:create_file_with_runtime_dependencies(/home/nuc2/reachy_ws/src/reachy_focus/install/reachy_focus/share/colcon-core/packages/reachy_focus)
[0.747s] DEBUG:colcon.colcon_parallel_executor.executor.parallel:closing loop
[0.747s] DEBUG:colcon.colcon_parallel_executor.executor.parallel:loop closed
[0.748s] DEBUG:colcon.colcon_parallel_executor.executor.parallel:run_until_complete finished with '0'
[0.748s] DEBUG:colcon.colcon_core.event_reactor:joining thread
[0.755s] INFO:colcon.colcon_core.plugin_system:Skipping extension 'colcon_notification.desktop_notification.terminal_notifier': Not used on non-Darwin systems
[0.755s] INFO:colcon.colcon_core.plugin_system:Skipping extension 'colcon_notification.desktop_notification.win32': Not used on non-Windows systems
[0.755s] INFO:colcon.colcon_notification.desktop_notification:Sending desktop notification using 'notify2'
[0.774s] DEBUG:colcon.colcon_core.event_reactor:joined thread
[0.775s] INFO:colcon.colcon_core.shell:Creating prefix script '/home/nuc2/reachy_ws/src/reachy_focus/install/local_setup.ps1'
[0.777s] INFO:colcon.colcon_core.shell:Creating prefix util module '/home/nuc2/reachy_ws/src/reachy_focus/install/_local_setup_util_ps1.py'
[0.779s] INFO:colcon.colcon_core.shell:Creating prefix chain script '/home/nuc2/reachy_ws/src/reachy_focus/install/setup.ps1'
[0.788s] INFO:colcon.colcon_core.shell:Creating prefix script '/home/nuc2/reachy_ws/src/reachy_focus/install/local_setup.sh'
[0.790s] INFO:colcon.colcon_core.shell:Creating prefix util module '/home/nuc2/reachy_ws/src/reachy_focus/install/_local_setup_util_sh.py'
[0.792s] INFO:colcon.colcon_core.shell:Creating prefix chain script '/home/nuc2/reachy_ws/src/reachy_focus/install/setup.sh'
[0.801s] INFO:colcon.colcon_core.shell:Creating prefix script '/home/nuc2/reachy_ws/src/reachy_focus/install/local_setup.bash'
[0.802s] INFO:colcon.colcon_core.shell:Creating prefix chain script '/home/nuc2/reachy_ws/src/reachy_focus/install/setup.bash'
[0.814s] INFO:colcon.colcon_core.shell:Creating prefix script '/home/nuc2/reachy_ws/src/reachy_focus/install/local_setup.zsh'
[0.815s] INFO:colcon.colcon_core.shell:Creating prefix chain script '/home/nuc2/reachy_ws/src/reachy_focus/install/setup.zsh'
