running egg_info
creating build/reachy_focus/reachy_focus.egg-info
writing build/reachy_focus/reachy_focus.egg-info/PKG-INFO
writing dependency_links to build/reachy_focus/reachy_focus.egg-info/dependency_links.txt
writing entry points to build/reachy_focus/reachy_focus.egg-info/entry_points.txt
writing requirements to build/reachy_focus/reachy_focus.egg-info/requires.txt
writing top-level names to build/reachy_focus/reachy_focus.egg-info/top_level.txt
writing manifest file 'build/reachy_focus/reachy_focus.egg-info/SOURCES.txt'
reading manifest file 'build/reachy_focus/reachy_focus.egg-info/SOURCES.txt'
writing manifest file 'build/reachy_focus/reachy_focus.egg-info/SOURCES.txt'
running build
running build_py
creating /home/nuc2/reachy_ws/src/reachy_focus/build/reachy_focus/build
creating /home/nuc2/reachy_ws/src/reachy_focus/build/reachy_focus/build/lib
creating /home/nuc2/reachy_ws/src/reachy_focus/build/reachy_focus/build/lib/reachy_focus
copying reachy_focus/camera_focus_1traitement.py -> /home/nuc2/reachy_ws/src/reachy_focus/build/reachy_focus/build/lib/reachy_focus
copying reachy_focus/camera_focus.py -> /home/nuc2/reachy_ws/src/reachy_focus/build/reachy_focus/build/lib/reachy_focus
copying reachy_focus/__init__.py -> /home/nuc2/reachy_ws/src/reachy_focus/build/reachy_focus/build/lib/reachy_focus
copying reachy_focus/view_cam.py -> /home/nuc2/reachy_ws/src/reachy_focus/build/reachy_focus/build/lib/reachy_focus
running install
running install_lib
creating /home/nuc2/reachy_ws/src/reachy_focus/install/reachy_focus/lib/python3.8/site-packages/reachy_focus
copying /home/nuc2/reachy_ws/src/reachy_focus/build/reachy_focus/build/lib/reachy_focus/camera_focus_1traitement.py -> /home/nuc2/reachy_ws/src/reachy_focus/install/reachy_focus/lib/python3.8/site-packages/reachy_focus
copying /home/nuc2/reachy_ws/src/reachy_focus/build/reachy_focus/build/lib/reachy_focus/camera_focus.py -> /home/nuc2/reachy_ws/src/reachy_focus/install/reachy_focus/lib/python3.8/site-packages/reachy_focus
copying /home/nuc2/reachy_ws/src/reachy_focus/build/reachy_focus/build/lib/reachy_focus/__init__.py -> /home/nuc2/reachy_ws/src/reachy_focus/install/reachy_focus/lib/python3.8/site-packages/reachy_focus
copying /home/nuc2/reachy_ws/src/reachy_focus/build/reachy_focus/build/lib/reachy_focus/view_cam.py -> /home/nuc2/reachy_ws/src/reachy_focus/install/reachy_focus/lib/python3.8/site-packages/reachy_focus
byte-compiling /home/nuc2/reachy_ws/src/reachy_focus/install/reachy_focus/lib/python3.8/site-packages/reachy_focus/camera_focus_1traitement.py to camera_focus_1traitement.cpython-38.pyc
byte-compiling /home/nuc2/reachy_ws/src/reachy_focus/install/reachy_focus/lib/python3.8/site-packages/reachy_focus/camera_focus.py to camera_focus.cpython-38.pyc
byte-compiling /home/nuc2/reachy_ws/src/reachy_focus/install/reachy_focus/lib/python3.8/site-packages/reachy_focus/__init__.py to __init__.cpython-38.pyc
byte-compiling /home/nuc2/reachy_ws/src/reachy_focus/install/reachy_focus/lib/python3.8/site-packages/reachy_focus/view_cam.py to view_cam.cpython-38.pyc
running install_data
creating /home/nuc2/reachy_ws/src/reachy_focus/install/reachy_focus/share/ament_index
creating /home/nuc2/reachy_ws/src/reachy_focus/install/reachy_focus/share/ament_index/resource_index
creating /home/nuc2/reachy_ws/src/reachy_focus/install/reachy_focus/share/ament_index/resource_index/packages
copying resource/reachy_focus -> /home/nuc2/reachy_ws/src/reachy_focus/install/reachy_focus/share/ament_index/resource_index/packages
copying package.xml -> /home/nuc2/reachy_ws/src/reachy_focus/install/reachy_focus/share/reachy_focus
running install_egg_info
Copying build/reachy_focus/reachy_focus.egg-info to /home/nuc2/reachy_ws/src/reachy_focus/install/reachy_focus/lib/python3.8/site-packages/reachy_focus-0.0.0-py3.8.egg-info
running install_scripts
Installing camera_focus script to /home/nuc2/reachy_ws/src/reachy_focus/install/reachy_focus/lib/reachy_focus
Installing camera_focus_1traitement script to /home/nuc2/reachy_ws/src/reachy_focus/install/reachy_focus/lib/reachy_focus
Installing view_cam script to /home/nuc2/reachy_ws/src/reachy_focus/install/reachy_focus/lib/reachy_focus
writing list of installed files to '/home/nuc2/reachy_ws/src/reachy_focus/build/reachy_focus/install.log'
