/home/nuc2/reachy_ws/src/reachy_focus/install/reachy_focus/lib/python3.8/site-packages/reachy_focus/camera_focus_1traitement.py
/home/nuc2/reachy_ws/src/reachy_focus/install/reachy_focus/lib/python3.8/site-packages/reachy_focus/camera_focus.py
/home/nuc2/reachy_ws/src/reachy_focus/install/reachy_focus/lib/python3.8/site-packages/reachy_focus/__init__.py
/home/nuc2/reachy_ws/src/reachy_focus/install/reachy_focus/lib/python3.8/site-packages/reachy_focus/view_cam.py
/home/nuc2/reachy_ws/src/reachy_focus/install/reachy_focus/lib/python3.8/site-packages/reachy_focus/__pycache__/camera_focus_1traitement.cpython-38.pyc
/home/nuc2/reachy_ws/src/reachy_focus/install/reachy_focus/lib/python3.8/site-packages/reachy_focus/__pycache__/camera_focus.cpython-38.pyc
/home/nuc2/reachy_ws/src/reachy_focus/install/reachy_focus/lib/python3.8/site-packages/reachy_focus/__pycache__/__init__.cpython-38.pyc
/home/nuc2/reachy_ws/src/reachy_focus/install/reachy_focus/lib/python3.8/site-packages/reachy_focus/__pycache__/view_cam.cpython-38.pyc
/home/nuc2/reachy_ws/src/reachy_focus/install/reachy_focus/share/ament_index/resource_index/packages/reachy_focus
/home/nuc2/reachy_ws/src/reachy_focus/install/reachy_focus/share/reachy_focus/package.xml
/home/nuc2/reachy_ws/src/reachy_focus/install/reachy_focus/lib/python3.8/site-packages/reachy_focus-0.0.0-py3.8.egg-info/requires.txt
/home/nuc2/reachy_ws/src/reachy_focus/install/reachy_focus/lib/python3.8/site-packages/reachy_focus-0.0.0-py3.8.egg-info/SOURCES.txt
/home/nuc2/reachy_ws/src/reachy_focus/install/reachy_focus/lib/python3.8/site-packages/reachy_focus-0.0.0-py3.8.egg-info/entry_points.txt
/home/nuc2/reachy_ws/src/reachy_focus/install/reachy_focus/lib/python3.8/site-packages/reachy_focus-0.0.0-py3.8.egg-info/dependency_links.txt
/home/nuc2/reachy_ws/src/reachy_focus/install/reachy_focus/lib/python3.8/site-packages/reachy_focus-0.0.0-py3.8.egg-info/zip-safe
/home/nuc2/reachy_ws/src/reachy_focus/install/reachy_focus/lib/python3.8/site-packages/reachy_focus-0.0.0-py3.8.egg-info/PKG-INFO
/home/nuc2/reachy_ws/src/reachy_focus/install/reachy_focus/lib/python3.8/site-packages/reachy_focus-0.0.0-py3.8.egg-info/top_level.txt
/home/nuc2/reachy_ws/src/reachy_focus/install/reachy_focus/lib/reachy_focus/camera_focus
/home/nuc2/reachy_ws/src/reachy_focus/install/reachy_focus/lib/reachy_focus/camera_focus_1traitement
/home/nuc2/reachy_ws/src/reachy_focus/install/reachy_focus/lib/reachy_focus/view_cam
